[0.009s] Invoking command in '/home/felix/dev_ws/src/my_package/build/my_package': CMAKE_PREFIX_PATH=/opt/ros/foxy /usr/bin/cmake /home/felix/dev_ws/src/my_package -DAMENT_CMAKE_SYMLINK_INSTALL=1 -DCMAKE_INSTALL_PREFIX=/home/felix/dev_ws/src/my_package/install/my_package
[0.118s] -- The C compiler identification is GNU 9.4.0
[0.210s] -- The CXX compiler identification is GNU 9.4.0
[0.217s] -- Check for working C compiler: /usr/bin/cc
[0.291s] -- Check for working C compiler: /usr/bin/cc -- works
[0.292s] -- Detecting C compiler ABI info
[0.380s] -- Detecting C compiler ABI info - done
[0.393s] -- Detecting C compile features
[0.393s] -- Detecting C compile features - done
[0.396s] -- Check for working CXX compiler: /usr/bin/c++
[0.476s] -- Check for working CXX compiler: /usr/bin/c++ -- works
[0.476s] -- Detecting CXX compiler ABI info
[0.555s] -- Detecting CXX compiler ABI info - done
[0.569s] -- Detecting CXX compile features
[0.569s] -- Detecting CXX compile features - done
[0.572s] -- Found ament_cmake: 0.9.12 (/opt/ros/foxy/share/ament_cmake/cmake)
[0.599s] -- Found PythonInterp: /usr/bin/python3 (found suitable version "3.8.10", minimum required is "3") 
[0.599s] -- Using PYTHON_EXECUTABLE: /usr/bin/python3
[0.717s] -- Override CMake install command with custom implementation using symlinks instead of copying resources
[0.740s] -- Found ament_lint_auto: 0.9.8 (/opt/ros/foxy/share/ament_lint_auto/cmake)
[0.803s] -- Added test 'copyright' to check source files copyright and LICENSE
[0.806s] -- Added test 'cppcheck' to perform static code analysis on C / C++ code
[0.807s] -- Configured cppcheck include dirs: 
[0.807s] -- Configured cppcheck exclude dirs and/or files: 
[0.810s] -- Added test 'cpplint' to check C / C++ code against the Google style
[0.810s] -- Configured cpplint exclude dirs and/or files: 
[0.811s] -- Added test 'flake8' to check Python code syntax and style conventions
[0.812s] -- Added test 'lint_cmake' to check CMake code style
[0.813s] -- Added test 'pep257' to check Python code against some of the style conventions in PEP 257
[0.817s] -- Added test 'uncrustify' to check C / C++ code style
[0.817s] -- Configured uncrustify additional arguments: 
[0.817s] -- Added test 'xmllint' to check XML markup files
[0.819s] -- Configuring done
[0.820s] -- Generating done
[0.821s] -- Build files have been written to: /home/felix/dev_ws/src/my_package/build/my_package
[0.823s] Invoked command in '/home/felix/dev_ws/src/my_package/build/my_package' returned '0': CMAKE_PREFIX_PATH=/opt/ros/foxy /usr/bin/cmake /home/felix/dev_ws/src/my_package -DAMENT_CMAKE_SYMLINK_INSTALL=1 -DCMAKE_INSTALL_PREFIX=/home/felix/dev_ws/src/my_package/install/my_package
[0.826s] Invoking command in '/home/felix/dev_ws/src/my_package/build/my_package': CMAKE_PREFIX_PATH=/opt/ros/foxy /usr/bin/cmake --build /home/felix/dev_ws/src/my_package/build/my_package -- -j12 -l12
[0.876s] Invoked command in '/home/felix/dev_ws/src/my_package/build/my_package' returned '0': CMAKE_PREFIX_PATH=/opt/ros/foxy /usr/bin/cmake --build /home/felix/dev_ws/src/my_package/build/my_package -- -j12 -l12
[0.914s] Invoking command in '/home/felix/dev_ws/src/my_package/build/my_package': CMAKE_PREFIX_PATH=/opt/ros/foxy /usr/bin/cmake --install /home/felix/dev_ws/src/my_package/build/my_package
[0.919s] -- Install configuration: ""
[0.919s] -- Execute custom install script
[0.919s] -- Symlinking: /home/felix/dev_ws/src/my_package/install/my_package/share/my_package/launch/listener.launch.py
[0.930s] -- Symlinking: /home/felix/dev_ws/src/my_package/install/my_package/share/my_package/launch/talker.launch.py
[0.943s] -- Symlinking: /home/felix/dev_ws/src/my_package/install/my_package/share/ament_index/resource_index/package_run_dependencies/my_package
[0.949s] -- Symlinking: /home/felix/dev_ws/src/my_package/install/my_package/share/ament_index/resource_index/parent_prefix_path/my_package
[0.960s] -- Symlinking: /home/felix/dev_ws/src/my_package/install/my_package/share/my_package/environment/ament_prefix_path.sh
[0.966s] -- Symlinking: /home/felix/dev_ws/src/my_package/install/my_package/share/my_package/environment/ament_prefix_path.dsv
[0.977s] -- Symlinking: /home/felix/dev_ws/src/my_package/install/my_package/share/my_package/environment/path.sh
[0.982s] -- Symlinking: /home/felix/dev_ws/src/my_package/install/my_package/share/my_package/environment/path.dsv
[0.986s] -- Symlinking: /home/felix/dev_ws/src/my_package/install/my_package/share/my_package/local_setup.bash
[0.991s] -- Symlinking: /home/felix/dev_ws/src/my_package/install/my_package/share/my_package/local_setup.sh
[1.002s] -- Symlinking: /home/felix/dev_ws/src/my_package/install/my_package/share/my_package/local_setup.zsh
[1.014s] -- Symlinking: /home/felix/dev_ws/src/my_package/install/my_package/share/my_package/local_setup.dsv
[1.018s] -- Symlinking: /home/felix/dev_ws/src/my_package/install/my_package/share/my_package/package.dsv
[1.023s] -- Symlinking: /home/felix/dev_ws/src/my_package/install/my_package/share/ament_index/resource_index/packages/my_package
[1.034s] -- Symlinking: /home/felix/dev_ws/src/my_package/install/my_package/share/my_package/cmake/my_packageConfig.cmake
[1.045s] -- Symlinking: /home/felix/dev_ws/src/my_package/install/my_package/share/my_package/cmake/my_packageConfig-version.cmake
[1.056s] -- Symlinking: /home/felix/dev_ws/src/my_package/install/my_package/share/my_package/package.xml
[1.064s] Invoked command in '/home/felix/dev_ws/src/my_package/build/my_package' returned '0': CMAKE_PREFIX_PATH=/opt/ros/foxy /usr/bin/cmake --install /home/felix/dev_ws/src/my_package/build/my_package
